<?xml version="1.0" encoding="UTF-8"?>
<testng-results total="2" passed="2" failed="0" skipped="0">
  <reporter-output>
  </reporter-output>
  <suite started-at="2020-04-02T20:58:03Z" name="Cucumber Framework" finished-at="2020-04-02T20:58:58Z" duration-ms="55331">
    <groups>
      <group name="cucumber">
        <method signature="AbstractTestNGCucumberTests.feature(cucumber.api.testng.CucumberFeatureWrapper)[pri:0, instance:runners.MainRunner@3571b748]" name="feature" class="cucumber.api.testng.AbstractTestNGCucumberTests"/>
      </group> <!-- cucumber -->
    </groups>
    <test started-at="2020-04-02T20:58:03Z" name="Cucumber Tests" finished-at="2020-04-02T20:58:58Z" duration-ms="55331">
      <class name="runners.MainRunner">
        <test-method is-config="true" signature="setUpClass()[pri:0, instance:runners.MainRunner@3571b748]" started-at="2020-04-02T22:58:03Z" name="setUpClass" finished-at="2020-04-02T22:58:03Z" duration-ms="249" status="PASS">
          <reporter-output>
          </reporter-output>
        </test-method> <!-- setUpClass -->
        <test-method signature="feature(cucumber.api.testng.CucumberFeatureWrapper)[pri:0, instance:runners.MainRunner@3571b748]" started-at="2020-04-02T22:58:03Z" name="feature" description="Runs Cucumber Feature" data-provider="features" finished-at="2020-04-02T22:58:29Z" duration-ms="25788" status="PASS">
          <params>
            <param index="0">
              <value>
                <![CDATA[Submit data to webdriveruniversity.com using contact us form]]>
              </value>
            </param>
          </params>
          <reporter-output>
          </reporter-output>
        </test-method> <!-- feature -->
        <test-method signature="feature(cucumber.api.testng.CucumberFeatureWrapper)[pri:0, instance:runners.MainRunner@3571b748]" started-at="2020-04-02T22:58:29Z" name="feature" description="Runs Cucumber Feature" data-provider="features" finished-at="2020-04-02T22:58:58Z" duration-ms="29004" status="PASS">
          <params>
            <param index="0">
              <value>
                <![CDATA[Products page]]>
              </value>
            </param>
          </params>
          <reporter-output>
          </reporter-output>
        </test-method> <!-- feature -->
        <test-method is-config="true" signature="tearDownClass()[pri:0, instance:runners.MainRunner@3571b748]" started-at="2020-04-02T22:58:58Z" name="tearDownClass" finished-at="2020-04-02T22:58:58Z" duration-ms="192" status="PASS">
          <reporter-output>
          </reporter-output>
        </test-method> <!-- tearDownClass -->
      </class> <!-- runners.MainRunner -->
    </test> <!-- Cucumber Tests -->
  </suite> <!-- Cucumber Framework -->
</testng-results>
